{"name": "test_check_remove_my_account_window_is_displayed", "status": "broken", "statusDetails": {"message": "selenium.common.exceptions.NoSuchElementException: Message: no such element: Unable to locate element: {\"method\":\"css selector\",\"selector\":\"[id=\"userNavDropdown\"]\"}\n  (Session info: chrome=115.0.5790.114); For documentation on this error, please visit: https://www.selenium.dev/documentation/webdriver/troubleshooting/errors#no-such-element-exception\nStacktrace:\n0   chromedriver                        0x000000010d7f56b8 chromedriver + 4937400\n1   chromedriver                        0x000000010d7ecb73 chromedriver + 4901747\n2   chromedriver                        0x000000010d3aa616 chromedriver + 435734\n3   chromedriver                        0x000000010d3ede0f chromedriver + 712207\n4   chromedriver                        0x000000010d3ee0a1 chromedriver + 712865\n5   chromedriver                        0x000000010d42f9a4 chromedriver + 981412\n6   chromedriver                        0x000000010d41203d chromedriver + 860221\n7   chromedriver                        0x000000010d42ce76 chromedriver + 970358\n8   chromedriver                        0x000000010d411de3 chromedriver + 859619\n9   chromedriver                        0x000000010d3dfd7f chromedriver + 654719\n10  chromedriver                        0x000000010d3e10de chromedriver + 659678\n11  chromedriver                        0x000000010d7b12ad chromedriver + 4657837\n12  chromedriver                        0x000000010d7b6130 chromedriver + 4677936\n13  chromedriver                        0x000000010d7bcdef chromedriver + 4705775\n14  chromedriver                        0x000000010d7b705a chromedriver + 4681818\n15  chromedriver                        0x000000010d78992c chromedriver + 4495660\n16  chromedriver                        0x000000010d7d4838 chromedriver + 4802616\n17  chromedriver                        0x000000010d7d49b7 chromedriver + 4802999\n18  chromedriver                        0x000000010d7e599f chromedriver + 4872607\n19  libsystem_pthread.dylib             0x00007ff81cdb34e1 _pthread_start + 125\n20  libsystem_pthread.dylib             0x00007ff81cdaef6b thread_start + 15", "trace": "self = <user_settings_tests.TestUserSettings object at 0x107670c90>\n\n    @allure.step(\"Check if 'Remove My Account' window is displayed when the button is clicked\")\n    def test_check_remove_my_account_window_is_displayed(self):\n>       self.garage_page.get_my_profile_button().click()\n\nuser_settings_tests.py:400: \n_ _ _ _ _ _ _ _ _ _ _ _ _ _ _ _ _ _ _ _ _ _ _ _ _ _ _ _ _ _ _ _ _ _ _ _ _ _ _ _ _ _ _ _ _ _ _ _ _ _ _ _ _ _ _ _ _ _ _ _ _ _ _\npages/garage_page.py:16: in get_my_profile_button\n    self._my_profile_button = Button(self._driver.find_element(By.ID, \"userNavDropdown\"))\nvenv/lib/python3.11/site-packages/selenium/webdriver/remote/webdriver.py:740: in find_element\n    return self.execute(Command.FIND_ELEMENT, {\"using\": by, \"value\": value})[\"value\"]\nvenv/lib/python3.11/site-packages/selenium/webdriver/remote/webdriver.py:346: in execute\n    self.error_handler.check_response(response)\n_ _ _ _ _ _ _ _ _ _ _ _ _ _ _ _ _ _ _ _ _ _ _ _ _ _ _ _ _ _ _ _ _ _ _ _ _ _ _ _ _ _ _ _ _ _ _ _ _ _ _ _ _ _ _ _ _ _ _ _ _ _ _\n\nself = <selenium.webdriver.remote.errorhandler.ErrorHandler object at 0x106f99350>\nresponse = {'status': 404, 'value': '{\"value\":{\"error\":\"no such element\",\"message\":\"no such element: Unable to locate element: {\\...ff81cdb34e1 _pthread_start + 125\\\\n20  libsystem_pthread.dylib             0x00007ff81cdaef6b thread_start + 15\\\\n\"}}'}\n\n    def check_response(self, response: Dict[str, Any]) -> None:\n        \"\"\"Checks that a JSON response from the WebDriver does not have an\n        error.\n    \n        :Args:\n         - response - The JSON response from the WebDriver server as a dictionary\n           object.\n    \n        :Raises: If the response contains an error message.\n        \"\"\"\n        status = response.get(\"status\", None)\n        if not status or status == ErrorCode.SUCCESS:\n            return\n        value = None\n        message = response.get(\"message\", \"\")\n        screen: str = response.get(\"screen\", \"\")\n        stacktrace = None\n        if isinstance(status, int):\n            value_json = response.get(\"value\", None)\n            if value_json and isinstance(value_json, str):\n                import json\n    \n                try:\n                    value = json.loads(value_json)\n                    if len(value) == 1:\n                        value = value[\"value\"]\n                    status = value.get(\"error\", None)\n                    if not status:\n                        status = value.get(\"status\", ErrorCode.UNKNOWN_ERROR)\n                        message = value.get(\"value\") or value.get(\"message\")\n                        if not isinstance(message, str):\n                            value = message\n                            message = message.get(\"message\")\n                    else:\n                        message = value.get(\"message\", None)\n                except ValueError:\n                    pass\n    \n        exception_class: Type[WebDriverException]\n        if status in ErrorCode.NO_SUCH_ELEMENT:\n            exception_class = NoSuchElementException\n        elif status in ErrorCode.NO_SUCH_FRAME:\n            exception_class = NoSuchFrameException\n        elif status in ErrorCode.NO_SUCH_SHADOW_ROOT:\n            exception_class = NoSuchShadowRootException\n        elif status in ErrorCode.NO_SUCH_WINDOW:\n            exception_class = NoSuchWindowException\n        elif status in ErrorCode.STALE_ELEMENT_REFERENCE:\n            exception_class = StaleElementReferenceException\n        elif status in ErrorCode.ELEMENT_NOT_VISIBLE:\n            exception_class = ElementNotVisibleException\n        elif status in ErrorCode.INVALID_ELEMENT_STATE:\n            exception_class = InvalidElementStateException\n        elif (\n            status in ErrorCode.INVALID_SELECTOR\n            or status in ErrorCode.INVALID_XPATH_SELECTOR\n            or status in ErrorCode.INVALID_XPATH_SELECTOR_RETURN_TYPER\n        ):\n            exception_class = InvalidSelectorException\n        elif status in ErrorCode.ELEMENT_IS_NOT_SELECTABLE:\n            exception_class = ElementNotSelectableException\n        elif status in ErrorCode.ELEMENT_NOT_INTERACTABLE:\n            exception_class = ElementNotInteractableException\n        elif status in ErrorCode.INVALID_COOKIE_DOMAIN:\n            exception_class = InvalidCookieDomainException\n        elif status in ErrorCode.UNABLE_TO_SET_COOKIE:\n            exception_class = UnableToSetCookieException\n        elif status in ErrorCode.TIMEOUT:\n            exception_class = TimeoutException\n        elif status in ErrorCode.SCRIPT_TIMEOUT:\n            exception_class = TimeoutException\n        elif status in ErrorCode.UNKNOWN_ERROR:\n            exception_class = WebDriverException\n        elif status in ErrorCode.UNEXPECTED_ALERT_OPEN:\n            exception_class = UnexpectedAlertPresentException\n        elif status in ErrorCode.NO_ALERT_OPEN:\n            exception_class = NoAlertPresentException\n        elif status in ErrorCode.IME_NOT_AVAILABLE:\n            exception_class = ImeNotAvailableException\n        elif status in ErrorCode.IME_ENGINE_ACTIVATION_FAILED:\n            exception_class = ImeActivationFailedException\n        elif status in ErrorCode.MOVE_TARGET_OUT_OF_BOUNDS:\n            exception_class = MoveTargetOutOfBoundsException\n        elif status in ErrorCode.JAVASCRIPT_ERROR:\n            exception_class = JavascriptException\n        elif status in ErrorCode.SESSION_NOT_CREATED:\n            exception_class = SessionNotCreatedException\n        elif status in ErrorCode.INVALID_ARGUMENT:\n            exception_class = InvalidArgumentException\n        elif status in ErrorCode.NO_SUCH_COOKIE:\n            exception_class = NoSuchCookieException\n        elif status in ErrorCode.UNABLE_TO_CAPTURE_SCREEN:\n            exception_class = ScreenshotException\n        elif status in ErrorCode.ELEMENT_CLICK_INTERCEPTED:\n            exception_class = ElementClickInterceptedException\n        elif status in ErrorCode.INSECURE_CERTIFICATE:\n            exception_class = InsecureCertificateException\n        elif status in ErrorCode.INVALID_COORDINATES:\n            exception_class = InvalidCoordinatesException\n        elif status in ErrorCode.INVALID_SESSION_ID:\n            exception_class = InvalidSessionIdException\n        elif status in ErrorCode.UNKNOWN_METHOD:\n            exception_class = UnknownMethodException\n        else:\n            exception_class = WebDriverException\n        if not value:\n            value = response[\"value\"]\n        if isinstance(value, str):\n            raise exception_class(value)\n        if message == \"\" and \"message\" in value:\n            message = value[\"message\"]\n    \n        screen = None  # type: ignore[assignment]\n        if \"screen\" in value:\n            screen = value[\"screen\"]\n    \n        stacktrace = None\n        st_value = value.get(\"stackTrace\") or value.get(\"stacktrace\")\n        if st_value:\n            if isinstance(st_value, str):\n                stacktrace = st_value.split(\"\\n\")\n            else:\n                stacktrace = []\n                try:\n                    for frame in st_value:\n                        line = frame.get(\"lineNumber\", \"\")\n                        file = frame.get(\"fileName\", \"<anonymous>\")\n                        if line:\n                            file = f\"{file}:{line}\"\n                        meth = frame.get(\"methodName\", \"<anonymous>\")\n                        if \"className\" in frame:\n                            meth = f\"{frame['className']}.{meth}\"\n                        msg = \"    at %s (%s)\"\n                        msg = msg % (meth, file)\n                        stacktrace.append(msg)\n                except TypeError:\n                    pass\n        if exception_class == UnexpectedAlertPresentException:\n            alert_text = None\n            if \"data\" in value:\n                alert_text = value[\"data\"].get(\"text\")\n            elif \"alert\" in value:\n                alert_text = value[\"alert\"].get(\"text\")\n            raise exception_class(message, screen, stacktrace, alert_text)  # type: ignore[call-arg]  # mypy is not smart enough here\n>       raise exception_class(message, screen, stacktrace)\nE       selenium.common.exceptions.NoSuchElementException: Message: no such element: Unable to locate element: {\"method\":\"css selector\",\"selector\":\"[id=\"userNavDropdown\"]\"}\nE         (Session info: chrome=115.0.5790.114); For documentation on this error, please visit: https://www.selenium.dev/documentation/webdriver/troubleshooting/errors#no-such-element-exception\nE       Stacktrace:\nE       0   chromedriver                        0x000000010d7f56b8 chromedriver + 4937400\nE       1   chromedriver                        0x000000010d7ecb73 chromedriver + 4901747\nE       2   chromedriver                        0x000000010d3aa616 chromedriver + 435734\nE       3   chromedriver                        0x000000010d3ede0f chromedriver + 712207\nE       4   chromedriver                        0x000000010d3ee0a1 chromedriver + 712865\nE       5   chromedriver                        0x000000010d42f9a4 chromedriver + 981412\nE       6   chromedriver                        0x000000010d41203d chromedriver + 860221\nE       7   chromedriver                        0x000000010d42ce76 chromedriver + 970358\nE       8   chromedriver                        0x000000010d411de3 chromedriver + 859619\nE       9   chromedriver                        0x000000010d3dfd7f chromedriver + 654719\nE       10  chromedriver                        0x000000010d3e10de chromedriver + 659678\nE       11  chromedriver                        0x000000010d7b12ad chromedriver + 4657837\nE       12  chromedriver                        0x000000010d7b6130 chromedriver + 4677936\nE       13  chromedriver                        0x000000010d7bcdef chromedriver + 4705775\nE       14  chromedriver                        0x000000010d7b705a chromedriver + 4681818\nE       15  chromedriver                        0x000000010d78992c chromedriver + 4495660\nE       16  chromedriver                        0x000000010d7d4838 chromedriver + 4802616\nE       17  chromedriver                        0x000000010d7d49b7 chromedriver + 4802999\nE       18  chromedriver                        0x000000010d7e599f chromedriver + 4872607\nE       19  libsystem_pthread.dylib             0x00007ff81cdb34e1 _pthread_start + 125\nE       20  libsystem_pthread.dylib             0x00007ff81cdaef6b thread_start + 15\n\nvenv/lib/python3.11/site-packages/selenium/webdriver/remote/errorhandler.py:245: NoSuchElementException"}, "steps": [{"name": "Check if 'Remove My Account' window is displayed when the button is clicked", "status": "broken", "statusDetails": {"message": "selenium.common.exceptions.NoSuchElementException: Message: no such element: Unable to locate element: {\"method\":\"css selector\",\"selector\":\"[id=\"userNavDropdown\"]\"}\n  (Session info: chrome=115.0.5790.114); For documentation on this error, please visit: https://www.selenium.dev/documentation/webdriver/troubleshooting/errors#no-such-element-exception\nStacktrace:\n0   chromedriver                        0x000000010d7f56b8 chromedriver + 4937400\n1   chromedriver                        0x000000010d7ecb73 chromedriver + 4901747\n2   chromedriver                        0x000000010d3aa616 chromedriver + 435734\n3   chromedriver                        0x000000010d3ede0f chromedriver + 712207\n4   chromedriver                        0x000000010d3ee0a1 chromedriver + 712865\n5   chromedriver                        0x000000010d42f9a4 chromedriver + 981412\n6   chromedriver                        0x000000010d41203d chromedriver + 860221\n7   chromedriver                        0x000000010d42ce76 chromedriver + 970358\n8   chromedriver                        0x000000010d411de3 chromedriver + 859619\n9   chromedriver                        0x000000010d3dfd7f chromedriver + 654719\n10  chromedriver                        0x000000010d3e10de chromedriver + 659678\n11  chromedriver                        0x000000010d7b12ad chromedriver + 4657837\n12  chromedriver                        0x000000010d7b6130 chromedriver + 4677936\n13  chromedriver                        0x000000010d7bcdef chromedriver + 4705775\n14  chromedriver                        0x000000010d7b705a chromedriver + 4681818\n15  chromedriver                        0x000000010d78992c chromedriver + 4495660\n16  chromedriver                        0x000000010d7d4838 chromedriver + 4802616\n17  chromedriver                        0x000000010d7d49b7 chromedriver + 4802999\n18  chromedriver                        0x000000010d7e599f chromedriver + 4872607\n19  libsystem_pthread.dylib             0x00007ff81cdb34e1 _pthread_start + 125\n20  libsystem_pthread.dylib             0x00007ff81cdaef6b thread_start + 15\n\n", "trace": "  File \"/Users/pauliukevi4i/Stotska_final_project/venv/lib/python3.11/site-packages/allure_commons/_allure.py\", line 192, in impl\n    return func(*a, **kw)\n           ^^^^^^^^^^^^^^\n  File \"/Users/pauliukevi4i/Stotska_final_project/user_settings_tests.py\", line 400, in test_check_remove_my_account_window_is_displayed\n    self.garage_page.get_my_profile_button().click()\n    ^^^^^^^^^^^^^^^^^^^^^^^^^^^^^^^^^^^^^^^^\n  File \"/Users/pauliukevi4i/Stotska_final_project/pages/garage_page.py\", line 16, in get_my_profile_button\n    self._my_profile_button = Button(self._driver.find_element(By.ID, \"userNavDropdown\"))\n                                     ^^^^^^^^^^^^^^^^^^^^^^^^^^^^^^^^^^^^^^^^^^^^^^^^^^^\n  File \"/Users/pauliukevi4i/Stotska_final_project/venv/lib/python3.11/site-packages/selenium/webdriver/remote/webdriver.py\", line 740, in find_element\n    return self.execute(Command.FIND_ELEMENT, {\"using\": by, \"value\": value})[\"value\"]\n           ^^^^^^^^^^^^^^^^^^^^^^^^^^^^^^^^^^^^^^^^^^^^^^^^^^^^^^^^^^^^^^^^^\n  File \"/Users/pauliukevi4i/Stotska_final_project/venv/lib/python3.11/site-packages/selenium/webdriver/remote/webdriver.py\", line 346, in execute\n    self.error_handler.check_response(response)\n  File \"/Users/pauliukevi4i/Stotska_final_project/venv/lib/python3.11/site-packages/selenium/webdriver/remote/errorhandler.py\", line 245, in check_response\n    raise exception_class(message, screen, stacktrace)\n"}, "start": 1690334745926, "stop": 1690334750989}], "start": 1690334745925, "stop": 1690334750990, "uuid": "e7d40e26-ee3e-4913-984e-20d040955d23", "historyId": "4de61eb10f515ac823434611c2637916", "testCaseId": "4de61eb10f515ac823434611c2637916", "fullName": "user_settings_tests.TestUserSettings#test_check_remove_my_account_window_is_displayed", "labels": [{"name": "suite", "value": "user_settings_tests"}, {"name": "subSuite", "value": "TestUserSettings"}, {"name": "host", "value": "AirPauliukevich"}, {"name": "thread", "value": "8158-MainThread"}, {"name": "framework", "value": "pytest"}, {"name": "language", "value": "cpython3"}, {"name": "package", "value": "user_settings_tests"}]}